mode: set
github.com/jrsmile/goid3db/internal/art/art.go:24.54,26.16 2 1
github.com/jrsmile/goid3db/internal/art/art.go:26.16,28.3 1 1
github.com/jrsmile/goid3db/internal/art/art.go:29.2,32.16 3 1
github.com/jrsmile/goid3db/internal/art/art.go:32.16,34.3 1 1
github.com/jrsmile/goid3db/internal/art/art.go:35.2,36.38 2 1
github.com/jrsmile/goid3db/internal/art/art.go:36.38,38.3 1 1
github.com/jrsmile/goid3db/internal/art/art.go:39.2,40.16 2 1
github.com/jrsmile/goid3db/internal/art/art.go:40.16,42.3 1 1
github.com/jrsmile/goid3db/internal/art/art.go:43.2,43.18 1 1
github.com/jrsmile/goid3db/internal/art/art.go:53.55,54.40 1 1
github.com/jrsmile/goid3db/internal/art/art.go:54.40,56.3 1 1
github.com/jrsmile/goid3db/internal/art/art.go:57.2,59.24 3 1
github.com/jrsmile/goid3db/internal/art/art.go:59.24,61.3 1 1
github.com/jrsmile/goid3db/internal/art/art.go:66.2,71.20 5 1
github.com/jrsmile/goid3db/internal/art/art.go:71.20,74.3 2 1
github.com/jrsmile/goid3db/internal/art/art.go:75.2,75.17 1 1
github.com/jrsmile/goid3db/internal/art/art.go:75.17,77.3 1 1
github.com/jrsmile/goid3db/internal/art/art.go:78.2,78.17 1 1
github.com/jrsmile/goid3db/internal/art/art.go:78.17,80.3 1 1
github.com/jrsmile/goid3db/internal/art/art.go:82.2,84.34 3 1
github.com/jrsmile/goid3db/internal/art/art.go:84.34,86.35 2 1
github.com/jrsmile/goid3db/internal/art/art.go:86.35,92.4 3 1
github.com/jrsmile/goid3db/internal/art/art.go:93.3,94.37 2 1
github.com/jrsmile/goid3db/internal/art/art.go:96.2,96.14 1 1
github.com/jrsmile/goid3db/internal/art/art.go:101.109,106.19 4 1
github.com/jrsmile/goid3db/internal/art/art.go:106.19,108.3 1 1
github.com/jrsmile/goid3db/internal/art/art.go:109.2,109.19 1 1
github.com/jrsmile/goid3db/internal/art/art.go:109.19,111.3 1 1
github.com/jrsmile/goid3db/internal/art/art.go:112.2,113.53 2 1
github.com/jrsmile/goid3db/internal/model/model.go:33.33,36.26 3 1
github.com/jrsmile/goid3db/internal/model/model.go:36.26,37.14 1 1
github.com/jrsmile/goid3db/internal/model/model.go:37.14,39.4 1 1
github.com/jrsmile/goid3db/internal/model/model.go:40.3,41.19 2 1
github.com/jrsmile/goid3db/internal/model/model.go:43.2,49.16 7 1
github.com/jrsmile/goid3db/internal/model/model.go:49.16,51.3 1 1
github.com/jrsmile/goid3db/internal/model/model.go:52.2,53.32 2 1
github.com/jrsmile/goid3db/internal/model/model.go:58.36,60.30 2 1
github.com/jrsmile/goid3db/internal/model/model.go:60.30,62.14 2 1
github.com/jrsmile/goid3db/internal/model/model.go:62.14,64.4 1 1
github.com/jrsmile/goid3db/internal/model/model.go:66.2,66.10 1 1
github.com/jrsmile/goid3db/internal/model/model.go:69.25,70.12 1 1
github.com/jrsmile/goid3db/internal/model/model.go:70.12,72.3 1 1
github.com/jrsmile/goid3db/internal/model/model.go:73.2,76.9 4 1
github.com/jrsmile/goid3db/internal/model/model.go:76.9,78.3 1 1
github.com/jrsmile/goid3db/internal/model/model.go:79.2,79.12 1 1
github.com/jrsmile/goid3db/internal/model/model.go:79.12,83.3 3 1
github.com/jrsmile/goid3db/internal/model/model.go:84.2,84.9 1 1
github.com/jrsmile/goid3db/internal/model/model.go:84.9,87.3 2 1
github.com/jrsmile/goid3db/internal/model/model.go:88.2,88.24 1 1
github.com/jrsmile/goid3db/internal/scan/scan.go:44.60,45.23 1 1
github.com/jrsmile/goid3db/internal/scan/scan.go:45.23,47.3 1 1
github.com/jrsmile/goid3db/internal/scan/scan.go:48.2,57.36 6 1
github.com/jrsmile/goid3db/internal/scan/scan.go:57.36,58.13 1 1
github.com/jrsmile/goid3db/internal/scan/scan.go:58.13,61.4 2 1
github.com/jrsmile/goid3db/internal/scan/scan.go:64.2,64.12 1 1
github.com/jrsmile/goid3db/internal/scan/scan.go:64.12,67.3 2 1
github.com/jrsmile/goid3db/internal/scan/scan.go:69.2,69.16 1 1
github.com/jrsmile/goid3db/internal/scan/scan.go:74.69,76.76 2 1
github.com/jrsmile/goid3db/internal/scan/scan.go:76.76,77.17 1 1
github.com/jrsmile/goid3db/internal/scan/scan.go:77.17,79.4 1 1
github.com/jrsmile/goid3db/internal/scan/scan.go:80.3,80.16 1 1
github.com/jrsmile/goid3db/internal/scan/scan.go:80.16,82.4 1 1
github.com/jrsmile/goid3db/internal/scan/scan.go:83.3,83.51 1 1
github.com/jrsmile/goid3db/internal/scan/scan.go:83.51,85.4 1 1
github.com/jrsmile/goid3db/internal/scan/scan.go:86.3,86.10 1 1
github.com/jrsmile/goid3db/internal/scan/scan.go:87.21,88.27 1 1
github.com/jrsmile/goid3db/internal/scan/scan.go:89.19,89.19 0 1
github.com/jrsmile/goid3db/internal/scan/scan.go:91.3,91.13 1 1
github.com/jrsmile/goid3db/internal/scan/scan.go:97.89,98.23 1 1
github.com/jrsmile/goid3db/internal/scan/scan.go:98.23,99.23 1 1
github.com/jrsmile/goid3db/internal/scan/scan.go:99.23,101.4 1 1
github.com/jrsmile/goid3db/internal/scan/scan.go:102.3,103.15 2 1
github.com/jrsmile/goid3db/internal/scan/scan.go:103.15,104.12 1 1
github.com/jrsmile/goid3db/internal/scan/scan.go:106.3,106.30 1 1
github.com/jrsmile/goid3db/internal/scan/scan.go:106.30,108.4 1 1
github.com/jrsmile/goid3db/internal/scan/scan.go:114.70,115.9 1 1
github.com/jrsmile/goid3db/internal/scan/scan.go:116.20,117.15 1 1
github.com/jrsmile/goid3db/internal/scan/scan.go:118.20,119.14 1 1
github.com/jrsmile/goid3db/internal/scan/scan.go:124.44,126.16 2 1
github.com/jrsmile/goid3db/internal/scan/scan.go:126.16,128.3 1 1
github.com/jrsmile/goid3db/internal/scan/scan.go:129.2,130.46 2 1
github.com/jrsmile/goid3db/internal/scan/scan.go:130.46,132.3 1 1
github.com/jrsmile/goid3db/internal/scan/scan.go:133.2,134.16 2 1
github.com/jrsmile/goid3db/internal/scan/scan.go:134.16,136.3 1 1
github.com/jrsmile/goid3db/internal/scan/scan.go:137.2,137.38 1 1
github.com/jrsmile/goid3db/internal/scan/scan.go:141.72,143.16 2 1
github.com/jrsmile/goid3db/internal/scan/scan.go:143.16,145.3 1 1
github.com/jrsmile/goid3db/internal/scan/scan.go:146.2,156.16 4 1
github.com/jrsmile/goid3db/internal/scan/scan.go:156.16,162.3 4 1
github.com/jrsmile/goid3db/internal/scan/scan.go:164.2,169.19 6 1
github.com/jrsmile/goid3db/internal/scan/scan.go:169.19,172.3 2 1
github.com/jrsmile/goid3db/internal/scan/scan.go:173.2,174.15 2 1
github.com/jrsmile/goid3db/internal/search/fuzzy.go:34.32,35.9 1 1
github.com/jrsmile/goid3db/internal/search/fuzzy.go:36.28,37.20 1 1
github.com/jrsmile/goid3db/internal/search/fuzzy.go:38.28,39.20 1 1
github.com/jrsmile/goid3db/internal/search/fuzzy.go:40.28,41.20 1 1
github.com/jrsmile/goid3db/internal/search/fuzzy.go:42.10,43.22 1 1
github.com/jrsmile/goid3db/internal/search/fuzzy.go:48.39,49.25 1 1
github.com/jrsmile/goid3db/internal/search/fuzzy.go:49.25,51.3 1 1
github.com/jrsmile/goid3db/internal/search/fuzzy.go:53.2,53.26 1 1
github.com/jrsmile/goid3db/internal/search/fuzzy.go:53.26,55.3 1 1
github.com/jrsmile/goid3db/internal/search/fuzzy.go:56.2,56.10 1 1
github.com/jrsmile/goid3db/internal/search/fuzzy.go:59.58,61.12 2 1
github.com/jrsmile/goid3db/internal/search/fuzzy.go:61.12,63.3 1 1
github.com/jrsmile/goid3db/internal/search/fuzzy.go:64.2,65.11 2 1
github.com/jrsmile/goid3db/internal/search/fuzzy.go:65.11,67.3 1 1
github.com/jrsmile/goid3db/internal/search/fuzzy.go:70.2,73.25 4 1
github.com/jrsmile/goid3db/internal/search/fuzzy.go:73.25,75.25 2 1
github.com/jrsmile/goid3db/internal/search/fuzzy.go:75.25,76.16 1 1
github.com/jrsmile/goid3db/internal/search/fuzzy.go:76.16,78.5 1 1
github.com/jrsmile/goid3db/internal/search/fuzzy.go:79.4,80.17 2 1
github.com/jrsmile/goid3db/internal/search/fuzzy.go:80.17,82.10 2 1
github.com/jrsmile/goid3db/internal/search/fuzzy.go:86.2,86.14 1 1
github.com/jrsmile/goid3db/internal/search/fuzzy.go:86.14,88.3 1 1
github.com/jrsmile/goid3db/internal/search/fuzzy.go:91.2,92.36 2 1
github.com/jrsmile/goid3db/internal/search/fuzzy.go:92.36,93.31 1 1
github.com/jrsmile/goid3db/internal/search/fuzzy.go:93.31,95.16 2 1
github.com/jrsmile/goid3db/internal/search/fuzzy.go:95.16,97.10 2 1
github.com/jrsmile/goid3db/internal/search/fuzzy.go:103.2,109.14 7 1
github.com/jrsmile/goid3db/internal/search/fuzzy.go:109.14,111.3 1 1
github.com/jrsmile/goid3db/internal/search/fuzzy.go:112.2,112.31 1 1
github.com/jrsmile/goid3db/internal/search/fuzzy.go:112.31,115.25 3 1
github.com/jrsmile/goid3db/internal/search/fuzzy.go:115.25,118.24 3 1
github.com/jrsmile/goid3db/internal/search/fuzzy.go:118.24,120.18 2 1
github.com/jrsmile/goid3db/internal/search/fuzzy.go:120.18,122.6 1 1
github.com/jrsmile/goid3db/internal/search/fuzzy.go:123.10,127.45 1 1
github.com/jrsmile/goid3db/internal/search/fuzzy.go:127.45,129.6 1 1
github.com/jrsmile/goid3db/internal/search/fuzzy.go:130.5,130.23 1 1
github.com/jrsmile/goid3db/internal/search/fuzzy.go:130.23,132.6 1 1
github.com/jrsmile/goid3db/internal/search/fuzzy.go:133.5,133.29 1 1
github.com/jrsmile/goid3db/internal/search/fuzzy.go:133.29,135.6 1 1
github.com/jrsmile/goid3db/internal/search/fuzzy.go:137.4,141.17 5 1
github.com/jrsmile/goid3db/internal/search/fuzzy.go:141.17,142.10 1 1
github.com/jrsmile/goid3db/internal/search/fuzzy.go:144.9,145.13 1 1
github.com/jrsmile/goid3db/internal/search/fuzzy.go:145.13,147.5 1 1
github.com/jrsmile/goid3db/internal/search/fuzzy.go:147.10,149.5 1 1
github.com/jrsmile/goid3db/internal/search/fuzzy.go:150.4,152.18 3 1
github.com/jrsmile/goid3db/internal/search/fuzzy.go:154.3,154.23 1 1
github.com/jrsmile/goid3db/internal/search/fuzzy.go:158.2,159.20 2 1
github.com/jrsmile/goid3db/internal/search/matcher.go:33.54,34.18 1 1
github.com/jrsmile/goid3db/internal/search/matcher.go:34.18,36.3 1 1
github.com/jrsmile/goid3db/internal/search/matcher.go:37.2,44.24 2 1
github.com/jrsmile/goid3db/internal/search/matcher.go:44.24,48.3 3 1
github.com/jrsmile/goid3db/internal/search/matcher.go:49.2,49.10 1 1
github.com/jrsmile/goid3db/internal/search/matcher.go:59.29,63.2 3 1
github.com/jrsmile/goid3db/internal/search/matcher.go:66.41,69.31 3 1
github.com/jrsmile/goid3db/internal/search/matcher.go:69.31,74.3 4 1
github.com/jrsmile/goid3db/internal/search/matcher.go:75.2,78.37 4 1
github.com/jrsmile/goid3db/internal/search/matcher.go:82.45,85.26 3 1
github.com/jrsmile/goid3db/internal/search/matcher.go:85.26,86.31 1 1
github.com/jrsmile/goid3db/internal/search/matcher.go:86.31,89.4 2 1
github.com/jrsmile/goid3db/internal/search/matcher.go:93.38,96.15 3 1
github.com/jrsmile/goid3db/internal/search/matcher.go:96.15,101.3 4 1
github.com/jrsmile/goid3db/internal/search/matcher.go:102.2,104.24 3 1
github.com/jrsmile/goid3db/internal/search/matcher.go:111.57,113.2 1 1
github.com/jrsmile/goid3db/internal/search/matcher.go:116.57,121.16 4 1
github.com/jrsmile/goid3db/internal/search/matcher.go:121.16,123.3 1 1
github.com/jrsmile/goid3db/internal/search/matcher.go:124.2,127.19 2 1
github.com/jrsmile/goid3db/internal/search/matcher.go:127.19,129.46 2 1
github.com/jrsmile/goid3db/internal/search/matcher.go:129.46,130.53 1 1
github.com/jrsmile/goid3db/internal/search/matcher.go:130.53,131.13 1 1
github.com/jrsmile/goid3db/internal/search/matcher.go:133.4,133.47 1 1
github.com/jrsmile/goid3db/internal/search/matcher.go:135.3,135.13 1 1
github.com/jrsmile/goid3db/internal/search/matcher.go:138.2,143.17 5 1
github.com/jrsmile/goid3db/internal/search/matcher.go:143.17,145.3 1 1
github.com/jrsmile/goid3db/internal/search/matcher.go:146.2,152.31 6 1
github.com/jrsmile/goid3db/internal/search/matcher.go:152.31,154.17 2 1
github.com/jrsmile/goid3db/internal/search/matcher.go:154.17,155.9 1 1
github.com/jrsmile/goid3db/internal/search/matcher.go:157.3,159.30 3 1
github.com/jrsmile/goid3db/internal/search/matcher.go:159.30,162.33 3 1
github.com/jrsmile/goid3db/internal/search/matcher.go:162.33,166.57 1 1
github.com/jrsmile/goid3db/internal/search/matcher.go:166.57,167.14 1 1
github.com/jrsmile/goid3db/internal/search/matcher.go:169.5,169.54 1 1
github.com/jrsmile/goid3db/internal/search/matcher.go:169.54,170.14 1 1
github.com/jrsmile/goid3db/internal/search/matcher.go:172.5,172.50 1 1
github.com/jrsmile/goid3db/internal/search/matcher.go:172.50,174.6 1 1
github.com/jrsmile/goid3db/internal/search/matcher.go:176.4,176.31 1 1
github.com/jrsmile/goid3db/internal/search/matcher.go:179.2,182.33 3 1
github.com/jrsmile/goid3db/internal/search/matcher.go:182.33,184.3 1 1
github.com/jrsmile/goid3db/internal/search/matcher.go:185.2,185.41 1 1
github.com/jrsmile/goid3db/internal/search/matcher.go:185.41,186.41 1 1
github.com/jrsmile/goid3db/internal/search/matcher.go:186.41,188.4 1 1
github.com/jrsmile/goid3db/internal/search/matcher.go:189.3,189.53 1 1
github.com/jrsmile/goid3db/internal/search/matcher.go:191.2,191.25 1 1
github.com/jrsmile/goid3db/internal/search/matcher.go:191.25,193.3 1 1
github.com/jrsmile/goid3db/internal/search/matcher.go:194.2,194.15 1 1
github.com/jrsmile/goid3db/internal/search/matcher.go:197.29,199.19 2 1
github.com/jrsmile/goid3db/internal/search/matcher.go:199.19,200.33 1 1
github.com/jrsmile/goid3db/internal/search/matcher.go:200.33,202.4 1 1
github.com/jrsmile/goid3db/internal/search/matcher.go:204.2,204.18 1 1
github.com/jrsmile/goid3db/internal/search/query.go:32.38,34.2 1 1
github.com/jrsmile/goid3db/internal/search/query.go:42.35,46.36 3 1
github.com/jrsmile/goid3db/internal/search/query.go:46.36,48.34 2 1
github.com/jrsmile/goid3db/internal/search/query.go:48.34,50.12 2 1
github.com/jrsmile/goid3db/internal/search/query.go:52.3,52.45 1 1
github.com/jrsmile/goid3db/internal/search/query.go:52.45,54.4 1 1
github.com/jrsmile/goid3db/internal/search/query.go:54.9,57.4 1 1
github.com/jrsmile/goid3db/internal/search/query.go:59.2,60.10 2 1
github.com/jrsmile/goid3db/internal/search/query.go:64.52,65.30 1 1
github.com/jrsmile/goid3db/internal/search/query.go:65.30,66.18 1 1
github.com/jrsmile/goid3db/internal/search/query.go:66.18,68.4 1 1
github.com/jrsmile/goid3db/internal/search/query.go:70.2,70.13 1 1
github.com/jrsmile/goid3db/internal/search/query.go:73.54,75.21 2 1
github.com/jrsmile/goid3db/internal/search/query.go:75.21,77.3 1 1
github.com/jrsmile/goid3db/internal/search/query.go:78.2,80.15 3 1
github.com/jrsmile/goid3db/internal/search/query.go:81.15,82.39 1 1
github.com/jrsmile/goid3db/internal/search/query.go:82.39,82.79 1 1
github.com/jrsmile/goid3db/internal/search/query.go:83.15,84.39 1 1
github.com/jrsmile/goid3db/internal/search/query.go:84.39,84.79 1 1
github.com/jrsmile/goid3db/internal/search/query.go:85.16,86.39 1 1
github.com/jrsmile/goid3db/internal/search/query.go:86.39,86.80 1 1
github.com/jrsmile/goid3db/internal/search/query.go:87.15,88.39 1 1
github.com/jrsmile/goid3db/internal/search/query.go:88.39,88.79 1 1
github.com/jrsmile/goid3db/internal/search/query.go:89.16,90.39 1 1
github.com/jrsmile/goid3db/internal/search/query.go:90.39,90.80 1 1
github.com/jrsmile/goid3db/internal/search/query.go:91.10,92.25 1 1
github.com/jrsmile/goid3db/internal/search/query.go:94.2,94.16 1 1
github.com/jrsmile/goid3db/internal/search/query.go:97.51,99.9 2 1
github.com/jrsmile/goid3db/internal/search/query.go:100.37,104.33 4 1
github.com/jrsmile/goid3db/internal/search/query.go:104.33,106.4 1 1
github.com/jrsmile/goid3db/internal/search/query.go:107.3,107.39 1 1
github.com/jrsmile/goid3db/internal/search/query.go:107.39,107.78 1 1
github.com/jrsmile/goid3db/internal/search/query.go:108.38,110.17 2 1
github.com/jrsmile/goid3db/internal/search/query.go:110.17,112.4 1 1
github.com/jrsmile/goid3db/internal/search/query.go:113.3,113.39 1 1
github.com/jrsmile/goid3db/internal/search/query.go:113.39,113.61 1 1
github.com/jrsmile/goid3db/internal/search/query.go:114.38,116.17 2 1
github.com/jrsmile/goid3db/internal/search/query.go:116.17,118.4 1 1
github.com/jrsmile/goid3db/internal/search/query.go:119.3,119.39 1 1
github.com/jrsmile/goid3db/internal/search/query.go:119.39,119.75 1 1
github.com/jrsmile/goid3db/internal/search/query.go:120.37,122.17 2 1
github.com/jrsmile/goid3db/internal/search/query.go:122.17,124.4 1 1
github.com/jrsmile/goid3db/internal/search/query.go:125.3,125.39 1 1
github.com/jrsmile/goid3db/internal/search/query.go:125.39,125.60 1 1
github.com/jrsmile/goid3db/internal/search/query.go:126.37,128.17 2 1
github.com/jrsmile/goid3db/internal/search/query.go:128.17,130.4 1 1
github.com/jrsmile/goid3db/internal/search/query.go:131.3,131.39 1 1
github.com/jrsmile/goid3db/internal/search/query.go:131.39,131.74 1 1
github.com/jrsmile/goid3db/internal/search/query.go:132.10,134.17 2 1
github.com/jrsmile/goid3db/internal/search/query.go:134.17,136.4 1 1
github.com/jrsmile/goid3db/internal/search/query.go:137.3,137.39 1 1
github.com/jrsmile/goid3db/internal/search/query.go:137.39,137.61 1 1
github.com/jrsmile/goid3db/internal/search/query.go:139.2,139.16 1 1
github.com/jrsmile/goid3db/internal/search/query.go:144.60,146.31 2 1
github.com/jrsmile/goid3db/internal/search/query.go:146.31,148.3 1 1
github.com/jrsmile/goid3db/internal/search/query.go:149.2,149.50 1 1
github.com/jrsmile/goid3db/internal/search/query.go:155.54,156.23 1 1
github.com/jrsmile/goid3db/internal/search/query.go:156.23,158.3 1 1
github.com/jrsmile/goid3db/internal/search/query.go:159.2,160.26 2 1
github.com/jrsmile/goid3db/internal/search/query.go:160.26,162.41 2 1
github.com/jrsmile/goid3db/internal/search/query.go:162.41,163.52 1 1
github.com/jrsmile/goid3db/internal/search/query.go:163.52,165.10 2 1
github.com/jrsmile/goid3db/internal/search/query.go:168.3,168.12 1 1
github.com/jrsmile/goid3db/internal/search/query.go:168.12,170.4 1 1
github.com/jrsmile/goid3db/internal/search/query.go:172.2,172.14 1 1
github.com/jrsmile/goid3db/internal/search/query.go:175.31,176.26 1 1
github.com/jrsmile/goid3db/internal/search/query.go:176.26,178.3 1 1
github.com/jrsmile/goid3db/internal/search/query.go:179.2,179.10 1 1
github.com/jrsmile/goid3db/internal/search/query.go:184.34,188.18 4 1
github.com/jrsmile/goid3db/internal/search/query.go:188.18,189.20 1 1
github.com/jrsmile/goid3db/internal/search/query.go:189.20,192.4 2 1
github.com/jrsmile/goid3db/internal/search/query.go:194.2,194.22 1 1
github.com/jrsmile/goid3db/internal/search/query.go:194.22,195.10 1 1
github.com/jrsmile/goid3db/internal/search/query.go:196.17,198.20 2 1
github.com/jrsmile/goid3db/internal/search/query.go:199.44,200.11 1 1
github.com/jrsmile/goid3db/internal/search/query.go:201.11,202.20 1 1
github.com/jrsmile/goid3db/internal/search/query.go:205.2,206.13 2 1
github.com/jrsmile/goid3db/internal/search/topk.go:13.31,14.15 1 1
github.com/jrsmile/goid3db/internal/search/topk.go:14.15,16.3 1 1
github.com/jrsmile/goid3db/internal/search/topk.go:17.2,17.56 1 1
github.com/jrsmile/goid3db/internal/search/topk.go:20.30,21.24 1 1
github.com/jrsmile/goid3db/internal/search/topk.go:21.24,24.3 2 1
github.com/jrsmile/goid3db/internal/search/topk.go:25.2,25.30 1 1
github.com/jrsmile/goid3db/internal/search/topk.go:25.30,28.3 2 1
github.com/jrsmile/goid3db/internal/search/topk.go:31.30,35.2 3 1
github.com/jrsmile/goid3db/internal/search/topk.go:39.38,39.55 1 1
github.com/jrsmile/goid3db/internal/search/topk.go:40.38,40.72 1 1
github.com/jrsmile/goid3db/internal/search/topk.go:41.38,41.65 1 1
github.com/jrsmile/goid3db/internal/search/topk.go:42.38,42.66 1 1
github.com/jrsmile/goid3db/internal/search/topk.go:43.29,49.2 5 1
github.com/jrsmile/goid3db/internal/index/index.go:62.40,64.16 2 1
github.com/jrsmile/goid3db/internal/index/index.go:64.16,66.3 1 1
github.com/jrsmile/goid3db/internal/index/index.go:68.2,69.43 2 1
github.com/jrsmile/goid3db/internal/index/index.go:69.43,72.3 2 1
github.com/jrsmile/goid3db/internal/index/index.go:73.2,73.28 1 1
github.com/jrsmile/goid3db/internal/index/index.go:77.32,77.56 1 1
github.com/jrsmile/goid3db/internal/index/index.go:87.74,89.16 2 1
github.com/jrsmile/goid3db/internal/index/index.go:89.16,91.3 1 1
github.com/jrsmile/goid3db/internal/index/index.go:92.2,95.18 3 1
github.com/jrsmile/goid3db/internal/index/index.go:95.18,98.60 3 1
github.com/jrsmile/goid3db/internal/index/index.go:98.60,100.4 1 1
github.com/jrsmile/goid3db/internal/index/index.go:101.3,101.13 1 1
github.com/jrsmile/goid3db/internal/index/index.go:103.2,103.24 1 1
github.com/jrsmile/goid3db/internal/index/index.go:115.67,117.16 2 1
github.com/jrsmile/goid3db/internal/index/index.go:117.16,119.3 1 1
github.com/jrsmile/goid3db/internal/index/index.go:120.2,121.67 2 1
github.com/jrsmile/goid3db/internal/index/index.go:121.67,124.3 2 1
github.com/jrsmile/goid3db/internal/index/index.go:125.2,125.101 1 1
github.com/jrsmile/goid3db/internal/index/index.go:125.101,128.3 2 1
github.com/jrsmile/goid3db/internal/index/index.go:129.2,130.106 1 1
github.com/jrsmile/goid3db/internal/index/index.go:130.106,133.3 2 1
github.com/jrsmile/goid3db/internal/index/index.go:134.2,134.15 1 1
github.com/jrsmile/goid3db/internal/index/index.go:148.65,153.16 3 1
github.com/jrsmile/goid3db/internal/index/index.go:153.16,155.3 1 1
github.com/jrsmile/goid3db/internal/index/index.go:156.2,158.60 2 1
github.com/jrsmile/goid3db/internal/index/index.go:158.60,160.3 1 1
github.com/jrsmile/goid3db/internal/index/index.go:161.2,161.107 1 1
github.com/jrsmile/goid3db/internal/index/index.go:161.107,163.3 1 1
github.com/jrsmile/goid3db/internal/index/index.go:164.2,164.12 1 1
github.com/jrsmile/goid3db/internal/index/index.go:168.33,168.57 1 1
github.com/jrsmile/goid3db/internal/index/index.go:171.35,171.61 1 1
github.com/jrsmile/goid3db/internal/index/index.go:174.68,176.16 2 1
github.com/jrsmile/goid3db/internal/index/index.go:176.16,178.3 1 1
github.com/jrsmile/goid3db/internal/index/index.go:179.2,179.38 1 1
github.com/jrsmile/goid3db/internal/index/index.go:179.38,182.3 2 1
github.com/jrsmile/goid3db/internal/index/index.go:183.2,183.19 1 1
github.com/jrsmile/goid3db/internal/index/index.go:187.65,189.16 2 1
github.com/jrsmile/goid3db/internal/index/index.go:189.16,191.3 1 1
github.com/jrsmile/goid3db/internal/index/index.go:192.2,194.26 3 1
github.com/jrsmile/goid3db/internal/index/index.go:194.26,197.3 2 1
github.com/jrsmile/goid3db/internal/index/index.go:198.2,198.16 1 1
github.com/jrsmile/goid3db/internal/index/index.go:198.16,201.3 2 1
github.com/jrsmile/goid3db/internal/index/index.go:202.2,202.93 1 1
github.com/jrsmile/goid3db/internal/index/index.go:202.93,205.3 2 1
github.com/jrsmile/goid3db/internal/index/index.go:206.2,206.84 1 1
github.com/jrsmile/goid3db/internal/index/index.go:206.84,209.3 2 1
github.com/jrsmile/goid3db/internal/index/index.go:210.2,210.20 1 1
github.com/jrsmile/goid3db/internal/index/index.go:214.60,218.2 3 1
github.com/jrsmile/goid3db/internal/index/index.go:222.70,226.16 3 1
github.com/jrsmile/goid3db/internal/index/index.go:226.16,228.3 1 1
github.com/jrsmile/goid3db/internal/index/index.go:229.2,232.18 3 1
github.com/jrsmile/goid3db/internal/index/index.go:232.18,235.80 2 1
github.com/jrsmile/goid3db/internal/index/index.go:235.80,237.4 1 1
github.com/jrsmile/goid3db/internal/index/index.go:238.3,238.23 1 1
github.com/jrsmile/goid3db/internal/index/index.go:240.2,240.24 1 1
github.com/jrsmile/goid3db/internal/index/index.go:245.91,247.17 2 1
github.com/jrsmile/goid3db/internal/index/index.go:247.17,249.3 1 1
github.com/jrsmile/goid3db/internal/index/index.go:250.2,253.16 2 1
github.com/jrsmile/goid3db/internal/index/index.go:253.16,255.3 1 1
github.com/jrsmile/goid3db/internal/index/index.go:256.2,258.18 3 1
github.com/jrsmile/goid3db/internal/index/index.go:258.18,260.40 2 1
github.com/jrsmile/goid3db/internal/index/index.go:260.40,262.4 1 1
github.com/jrsmile/goid3db/internal/index/index.go:263.3,263.24 1 1
github.com/jrsmile/goid3db/internal/index/index.go:265.2,265.24 1 1
github.com/jrsmile/goid3db/internal/audio/audio.go:46.78,48.3 1 1
github.com/jrsmile/goid3db/internal/audio/audio.go:50.44,50.64 1 1
github.com/jrsmile/goid3db/internal/audio/audio.go:54.29,56.2 1 1
github.com/jrsmile/goid3db/internal/audio/audio.go:61.66,63.16 2 1
github.com/jrsmile/goid3db/internal/audio/audio.go:63.16,65.3 1 1
github.com/jrsmile/goid3db/internal/audio/audio.go:66.2,66.31 1 1
github.com/jrsmile/goid3db/internal/audio/audio.go:70.26,71.18 1 1
github.com/jrsmile/goid3db/internal/audio/audio.go:71.18,74.3 2 1
github.com/jrsmile/goid3db/internal/audio/audio.go:79.46,81.16 2 1
github.com/jrsmile/goid3db/internal/audio/audio.go:81.16,83.3 1 1
github.com/jrsmile/goid3db/internal/audio/audio.go:84.2,85.27 2 1
github.com/jrsmile/goid3db/internal/audio/audio.go:85.27,91.3 1 1
github.com/jrsmile/goid3db/internal/audio/audio.go:92.2,92.17 1 1
github.com/jrsmile/goid3db/internal/audio/audio.go:108.66,110.16 2 1
github.com/jrsmile/goid3db/internal/audio/audio.go:110.16,112.3 1 1
github.com/jrsmile/goid3db/internal/audio/audio.go:114.2,124.34 6 1
github.com/jrsmile/goid3db/internal/audio/audio.go:124.34,127.3 2 1
github.com/jrsmile/goid3db/internal/audio/audio.go:129.2,132.16 2 1
github.com/jrsmile/goid3db/internal/audio/audio.go:132.16,135.3 2 1
github.com/jrsmile/goid3db/internal/audio/audio.go:136.2,138.44 2 1
github.com/jrsmile/goid3db/internal/audio/audio.go:138.44,142.3 3 1
github.com/jrsmile/goid3db/internal/audio/audio.go:143.2,143.15 1 1
github.com/jrsmile/goid3db/internal/audio/audio.go:147.55,149.24 2 1
github.com/jrsmile/goid3db/internal/audio/audio.go:149.24,151.3 1 1
github.com/jrsmile/goid3db/internal/audio/audio.go:152.2,160.26 7 1
github.com/jrsmile/goid3db/internal/audio/audio.go:160.26,162.15 2 1
github.com/jrsmile/goid3db/internal/audio/audio.go:162.15,164.4 1 1
github.com/jrsmile/goid3db/internal/audio/audio.go:168.2,169.25 2 1
github.com/jrsmile/goid3db/internal/audio/audio.go:169.25,171.15 2 1
github.com/jrsmile/goid3db/internal/audio/audio.go:171.15,173.4 1 1
github.com/jrsmile/goid3db/internal/audio/audio.go:174.3,176.12 3 1
github.com/jrsmile/goid3db/internal/audio/audio.go:180.33,182.17 2 1
github.com/jrsmile/goid3db/internal/audio/audio.go:182.17,185.3 2 1
github.com/jrsmile/goid3db/internal/audio/audio.go:186.2,186.15 1 1
github.com/jrsmile/goid3db/internal/audio/audio.go:190.32,194.2 3 1
github.com/jrsmile/goid3db/internal/audio/audio.go:197.32,201.2 3 1
github.com/jrsmile/goid3db/internal/audio/audio.go:204.41,204.58 1 1
github.com/jrsmile/goid3db/internal/audio/audio.go:208.25,214.16 6 1
github.com/jrsmile/goid3db/internal/audio/audio.go:214.16,217.3 2 1
github.com/jrsmile/goid3db/internal/audio/audio.go:218.2,218.23 1 1
github.com/jrsmile/goid3db/internal/audio/audio.go:218.23,220.3 1 1
github.com/jrsmile/goid3db/internal/audio/audio.go:223.70,225.16 2 1
github.com/jrsmile/goid3db/internal/audio/audio.go:225.16,227.3 1 1
github.com/jrsmile/goid3db/internal/audio/audio.go:228.2,228.45 1 1
github.com/jrsmile/goid3db/internal/audio/audio.go:229.14,230.23 1 1
github.com/jrsmile/goid3db/internal/audio/audio.go:231.15,232.24 1 1
github.com/jrsmile/goid3db/internal/audio/audio.go:233.22,234.26 1 1
github.com/jrsmile/goid3db/internal/audio/audio.go:235.14,236.23 1 1
github.com/jrsmile/goid3db/internal/audio/audio.go:237.10,239.92 2 1
github.com/jrsmile/goid3db/main.go:32.86,34.3 1 1
github.com/jrsmile/goid3db/main.go:36.65,36.87 1 1
github.com/jrsmile/goid3db/main.go:39.43,42.3 2 1
github.com/jrsmile/goid3db/main.go:54.13,56.2 1 1
github.com/jrsmile/goid3db/main.go:60.34,66.39 6 1
github.com/jrsmile/goid3db/main.go:66.39,68.3 1 1
github.com/jrsmile/goid3db/main.go:70.2,70.63 1 1
github.com/jrsmile/goid3db/main.go:70.63,73.3 2 1
github.com/jrsmile/goid3db/main.go:74.2,74.10 1 1
github.com/jrsmile/goid3db/main.go:77.60,82.16 4 1
github.com/jrsmile/goid3db/main.go:82.16,84.3 1 1
github.com/jrsmile/goid3db/main.go:85.2,87.64 2 1
github.com/jrsmile/goid3db/main.go:87.64,89.3 1 1
github.com/jrsmile/goid3db/main.go:91.2,93.16 3 1
github.com/jrsmile/goid3db/main.go:93.16,95.3 1 1
github.com/jrsmile/goid3db/main.go:96.2,100.16 4 1
github.com/jrsmile/goid3db/main.go:100.16,102.3 1 1
github.com/jrsmile/goid3db/main.go:103.2,105.16 3 1
github.com/jrsmile/goid3db/main.go:105.16,107.3 1 1
github.com/jrsmile/goid3db/main.go:109.2,109.13 1 1
github.com/jrsmile/goid3db/main.go:109.13,111.17 2 1
github.com/jrsmile/goid3db/main.go:111.17,113.4 1 1
github.com/jrsmile/goid3db/main.go:113.9,115.4 1 1
github.com/jrsmile/goid3db/main.go:118.2,118.54 1 1
github.com/jrsmile/goid3db/main.go:123.89,125.2 1 1
github.com/jrsmile/goid3db/main.go:144.81,146.2 1 1
github.com/jrsmile/goid3db/main.go:148.72,150.16 2 1
github.com/jrsmile/goid3db/main.go:150.16,152.3 1 1
github.com/jrsmile/goid3db/main.go:153.2,153.15 1 1
github.com/jrsmile/goid3db/main.go:156.61,156.87 1 1
github.com/jrsmile/goid3db/main.go:158.82,160.16 2 1
github.com/jrsmile/goid3db/main.go:160.16,162.3 1 1
github.com/jrsmile/goid3db/main.go:163.2,163.50 1 1
github.com/jrsmile/goid3db/main.go:163.50,166.3 2 1
github.com/jrsmile/goid3db/main.go:168.2,172.16 4 1
github.com/jrsmile/goid3db/main.go:172.16,174.3 1 1
github.com/jrsmile/goid3db/main.go:175.2,176.25 2 1
github.com/jrsmile/goid3db/main.go:176.25,177.19 1 1
github.com/jrsmile/goid3db/main.go:177.19,179.12 2 1
github.com/jrsmile/goid3db/main.go:181.3,181.21 1 1
github.com/jrsmile/goid3db/main.go:181.21,182.12 1 1
github.com/jrsmile/goid3db/main.go:184.3,184.50 1 1
github.com/jrsmile/goid3db/main.go:184.50,186.12 2 1
github.com/jrsmile/goid3db/main.go:188.3,190.31 3 1
github.com/jrsmile/goid3db/main.go:190.31,191.42 1 1
github.com/jrsmile/goid3db/main.go:191.42,193.5 1 1
github.com/jrsmile/goid3db/main.go:194.4,194.53 1 1
github.com/jrsmile/goid3db/main.go:194.53,196.5 1 1
github.com/jrsmile/goid3db/main.go:197.4,198.52 2 1
github.com/jrsmile/goid3db/main.go:201.2,201.40 1 1
github.com/jrsmile/goid3db/main.go:201.40,203.3 1 1
github.com/jrsmile/goid3db/main.go:205.2,207.12 3 1
github.com/jrsmile/goid3db/main.go:212.109,213.25 1 1
github.com/jrsmile/goid3db/main.go:213.25,214.16 1 1
github.com/jrsmile/goid3db/main.go:215.23,217.18 2 1
github.com/jrsmile/goid3db/main.go:217.18,218.13 1 1
github.com/jrsmile/goid3db/main.go:220.4,221.18 2 1
github.com/jrsmile/goid3db/main.go:221.18,222.13 1 1
github.com/jrsmile/goid3db/main.go:224.4,224.44 1 1
github.com/jrsmile/goid3db/main.go:224.44,225.13 1 1
github.com/jrsmile/goid3db/main.go:227.4,227.22 1 1
github.com/jrsmile/goid3db/main.go:228.23,230.33 2 1
github.com/jrsmile/goid3db/internal/watch/watch.go:84.92,85.27 1 1
github.com/jrsmile/goid3db/internal/watch/watch.go:85.27,87.17 2 1
github.com/jrsmile/goid3db/internal/watch/watch.go:87.17,89.4 1 1
github.com/jrsmile/goid3db/internal/watch/watch.go:90.3,90.33 1 1
github.com/jrsmile/goid3db/internal/watch/watch.go:92.2,94.16 3 1
github.com/jrsmile/goid3db/internal/watch/watch.go:94.16,96.3 1 1
github.com/jrsmile/goid3db/internal/watch/watch.go:97.2,97.17 1 1
github.com/jrsmile/goid3db/internal/watch/watch.go:97.17,99.3 1 1
github.com/jrsmile/goid3db/internal/watch/watch.go:103.2,103.20 1 1
github.com/jrsmile/goid3db/internal/watch/watch.go:103.20,104.46 1 1
github.com/jrsmile/goid3db/internal/watch/watch.go:104.46,108.4 3 1
github.com/jrsmile/goid3db/internal/watch/watch.go:111.2,111.42 1 1
github.com/jrsmile/goid3db/internal/watch/watch.go:116.117,121.12 3 1
github.com/jrsmile/goid3db/internal/watch/watch.go:121.12,124.3 2 1
github.com/jrsmile/goid3db/internal/watch/watch.go:126.2,127.12 2 1
github.com/jrsmile/goid3db/internal/watch/watch.go:127.12,130.7 3 1
github.com/jrsmile/goid3db/internal/watch/watch.go:130.7,131.44 1 1
github.com/jrsmile/goid3db/internal/watch/watch.go:131.44,132.42 1 1
github.com/jrsmile/goid3db/internal/watch/watch.go:132.42,134.6 1 1
github.com/jrsmile/goid3db/internal/watch/watch.go:135.5,135.13 1 1
github.com/jrsmile/goid3db/internal/watch/watch.go:137.4,138.11 2 1
github.com/jrsmile/goid3db/internal/watch/watch.go:138.11,139.13 1 1
github.com/jrsmile/goid3db/internal/watch/watch.go:141.4,141.11 1 1
github.com/jrsmile/goid3db/internal/watch/watch.go:142.19,142.19 0 1
github.com/jrsmile/goid3db/internal/watch/watch.go:143.22,144.11 1 1
github.com/jrsmile/goid3db/internal/watch/watch.go:150.2,154.18 4 1
github.com/jrsmile/goid3db/internal/watch/watch.go:154.18,155.30 1 1
github.com/jrsmile/goid3db/internal/watch/watch.go:155.30,156.11 1 1
github.com/jrsmile/goid3db/internal/watch/watch.go:157.22,158.11 1 1
github.com/jrsmile/goid3db/internal/watch/watch.go:159.39,159.39 0 1
github.com/jrsmile/goid3db/internal/watch/watch.go:162.3,163.15 2 1
github.com/jrsmile/goid3db/internal/watch/watch.go:166.2,166.6 1 1
github.com/jrsmile/goid3db/internal/watch/watch.go:166.6,167.10 1 1
github.com/jrsmile/goid3db/internal/watch/watch.go:168.21,169.10 1 1
github.com/jrsmile/goid3db/internal/watch/watch.go:170.24,171.11 1 1
github.com/jrsmile/goid3db/internal/watch/watch.go:171.11,173.5 1 1
github.com/jrsmile/goid3db/internal/watch/watch.go:174.4,175.20 2 1
github.com/jrsmile/goid3db/internal/watch/watch.go:175.20,177.5 1 1
github.com/jrsmile/goid3db/internal/watch/watch.go:177.10,179.5 1 1
github.com/jrsmile/goid3db/internal/watch/watch.go:180.4,180.20 1 1
github.com/jrsmile/goid3db/internal/watch/watch.go:181.17,182.11 1 1
github.com/jrsmile/goid3db/internal/watch/watch.go:189.55,190.22 1 1
github.com/jrsmile/goid3db/internal/watch/watch.go:190.22,192.3 1 1
github.com/jrsmile/goid3db/internal/watch/watch.go:193.2,198.48 5 1
github.com/jrsmile/goid3db/internal/watch/watch.go:198.48,200.3 1 1
github.com/jrsmile/goid3db/internal/watch/watch.go:201.2,202.16 2 1
github.com/jrsmile/goid3db/internal/watch/watch.go:202.16,204.3 1 1
github.com/jrsmile/goid3db/internal/watch/watch.go:206.2,207.16 2 1
github.com/jrsmile/goid3db/internal/watch/watch.go:207.16,209.3 1 1
github.com/jrsmile/goid3db/internal/watch/watch.go:210.2,212.46 2 1
github.com/jrsmile/goid3db/internal/watch/watch.go:212.46,214.3 1 1
github.com/jrsmile/goid3db/internal/watch/watch.go:216.2,217.20 2 1
github.com/jrsmile/goid3db/internal/watch/watch.go:217.20,219.3 1 1
github.com/jrsmile/goid3db/internal/watch/watch.go:220.2,220.39 1 1
github.com/jrsmile/goid3db/internal/watch/watch.go:225.54,226.26 1 1
github.com/jrsmile/goid3db/internal/watch/watch.go:226.26,228.3 1 1
github.com/jrsmile/goid3db/internal/watch/watch.go:229.2,231.20 3 1
github.com/jrsmile/goid3db/internal/watch/watch.go:231.20,233.3 1 1
github.com/jrsmile/goid3db/internal/watch/watch.go:233.8,235.3 1 1
github.com/jrsmile/goid3db/internal/watch/watch.go:236.2,236.16 1 1
github.com/jrsmile/goid3db/internal/watch/watch.go:236.16,238.3 1 1
github.com/jrsmile/goid3db/internal/watch/watch.go:239.2,239.34 1 1
github.com/jrsmile/goid3db/internal/watch/watch.go:243.40,244.18 1 1
github.com/jrsmile/goid3db/internal/watch/watch.go:244.18,246.3 1 1
github.com/jrsmile/goid3db/internal/watch/watch.go:247.2,247.63 1 1
github.com/jrsmile/goid3db/internal/watch/watch.go:250.29,252.2 1 1
github.com/jrsmile/goid3db/internal/watch/watch_bpf.go:20.45,22.47 1 0
github.com/jrsmile/goid3db/internal/watch/watch_bpf.go:22.47,24.3 1 0
github.com/jrsmile/goid3db/internal/watch/watch_bpf.go:26.2,27.52 2 0
github.com/jrsmile/goid3db/internal/watch/watch_bpf.go:27.52,29.3 1 0
github.com/jrsmile/goid3db/internal/watch/watch_bpf.go:31.2,32.20 2 0
github.com/jrsmile/goid3db/internal/watch/watch_bpf.go:32.20,33.27 1 0
github.com/jrsmile/goid3db/internal/watch/watch_bpf.go:33.27,35.4 1 0
github.com/jrsmile/goid3db/internal/watch/watch_bpf.go:36.3,36.19 1 0
github.com/jrsmile/goid3db/internal/watch/watch_bpf.go:41.2,56.25 2 0
github.com/jrsmile/goid3db/internal/watch/watch_bpf.go:56.25,58.17 2 0
github.com/jrsmile/goid3db/internal/watch/watch_bpf.go:58.17,59.54 1 0
github.com/jrsmile/goid3db/internal/watch/watch_bpf.go:59.54,60.13 1 0
github.com/jrsmile/goid3db/internal/watch/watch_bpf.go:62.4,63.69 2 0
github.com/jrsmile/goid3db/internal/watch/watch_bpf.go:65.3,65.27 1 0
github.com/jrsmile/goid3db/internal/watch/watch_bpf.go:68.2,69.16 2 0
github.com/jrsmile/goid3db/internal/watch/watch_bpf.go:69.16,72.3 2 0
github.com/jrsmile/goid3db/internal/watch/watch_bpf.go:74.2,74.25 1 0
github.com/jrsmile/goid3db/internal/watch/watch_bpfel.go:26.48,29.16 3 0
github.com/jrsmile/goid3db/internal/watch/watch_bpfel.go:29.16,31.3 1 0
github.com/jrsmile/goid3db/internal/watch/watch_bpfel.go:33.2,33.18 1 0
github.com/jrsmile/goid3db/internal/watch/watch_bpfel.go:45.76,47.16 2 0
github.com/jrsmile/goid3db/internal/watch/watch_bpfel.go:47.16,49.3 1 0
github.com/jrsmile/goid3db/internal/watch/watch_bpfel.go:51.2,51.38 1 0
github.com/jrsmile/goid3db/internal/watch/watch_bpfel.go:101.38,106.2 1 0
github.com/jrsmile/goid3db/internal/watch/watch_bpfel.go:115.35,119.2 1 0
github.com/jrsmile/goid3db/internal/watch/watch_bpfel.go:143.39,155.2 1 0
github.com/jrsmile/goid3db/internal/watch/watch_bpfel.go:157.46,158.33 1 0
github.com/jrsmile/goid3db/internal/watch/watch_bpfel.go:158.33,159.40 1 0
github.com/jrsmile/goid3db/internal/watch/watch_bpfel.go:159.40,161.4 1 0
github.com/jrsmile/goid3db/internal/watch/watch_bpfel.go:163.2,163.12 1 0
github.com/jrsmile/goid3db/internal/watch/watch_inotify.go:22.99,26.74 2 1
github.com/jrsmile/goid3db/internal/watch/watch_inotify.go:26.74,28.3 1 1
github.com/jrsmile/goid3db/internal/watch/watch_inotify.go:30.2,31.12 2 1
github.com/jrsmile/goid3db/internal/watch/watch_inotify.go:31.12,40.19 6 1
github.com/jrsmile/goid3db/internal/watch/watch_inotify.go:40.19,41.31 1 1
github.com/jrsmile/goid3db/internal/watch/watch_inotify.go:41.31,42.12 1 1
github.com/jrsmile/goid3db/internal/watch/watch_inotify.go:43.23,44.12 1 1
github.com/jrsmile/goid3db/internal/watch/watch_inotify.go:45.40,45.40 0 1
github.com/jrsmile/goid3db/internal/watch/watch_inotify.go:48.4,49.16 2 1
github.com/jrsmile/goid3db/internal/watch/watch_inotify.go:52.3,52.7 1 1
github.com/jrsmile/goid3db/internal/watch/watch_inotify.go:52.7,53.11 1 1
github.com/jrsmile/goid3db/internal/watch/watch_inotify.go:54.22,55.11 1 1
github.com/jrsmile/goid3db/internal/watch/watch_inotify.go:56.21,58.20 2 1
github.com/jrsmile/goid3db/internal/watch/watch_inotify.go:58.20,59.14 1 1
github.com/jrsmile/goid3db/internal/watch/watch_inotify.go:61.5,61.23 1 1
github.com/jrsmile/goid3db/internal/watch/watch_inotify.go:62.39,63.27 1 1
github.com/jrsmile/goid3db/internal/watch/watch_inotify.go:64.13,65.27 1 1
github.com/jrsmile/goid3db/internal/watch/watch_inotify.go:67.5,67.21 1 1
github.com/jrsmile/goid3db/internal/watch/watch_inotify.go:67.21,69.6 1 1
github.com/jrsmile/goid3db/internal/watch/watch_inotify.go:69.11,71.6 1 1
github.com/jrsmile/goid3db/internal/watch/watch_inotify.go:72.5,72.21 1 1
github.com/jrsmile/goid3db/internal/watch/watch_inotify.go:73.18,74.12 1 1
github.com/jrsmile/goid3db/internal/watch/watch_inotify.go:79.2,79.17 1 1
github.com/jrsmile/goid3db/internal/tui/tui.go:71.87,80.28 7 1
github.com/jrsmile/goid3db/internal/tui/tui.go:80.28,81.18 1 1
github.com/jrsmile/goid3db/internal/tui/tui.go:81.18,83.9 2 1
github.com/jrsmile/goid3db/internal/tui/tui.go:87.2,95.3 1 1
github.com/jrsmile/goid3db/internal/tui/tui.go:99.31,101.2 1 1
github.com/jrsmile/goid3db/internal/tui/tui.go:103.26,104.57 1 1
github.com/jrsmile/goid3db/internal/tui/tui.go:104.57,104.78 1 1
github.com/jrsmile/goid3db/internal/tui/tui.go:107.35,111.24 4 1
github.com/jrsmile/goid3db/internal/tui/tui.go:111.24,113.3 1 1
github.com/jrsmile/goid3db/internal/tui/tui.go:117.45,118.45 1 1
github.com/jrsmile/goid3db/internal/tui/tui.go:118.45,120.3 1 1
github.com/jrsmile/goid3db/internal/tui/tui.go:121.2,121.31 1 1
github.com/jrsmile/goid3db/internal/tui/tui.go:126.43,127.32 1 1
github.com/jrsmile/goid3db/internal/tui/tui.go:127.32,129.3 1 1
github.com/jrsmile/goid3db/internal/tui/tui.go:130.2,131.15 2 1
github.com/jrsmile/goid3db/internal/tui/tui.go:131.15,133.3 1 1
github.com/jrsmile/goid3db/internal/tui/tui.go:134.2,135.19 2 1
github.com/jrsmile/goid3db/internal/tui/tui.go:140.37,142.14 2 1
github.com/jrsmile/goid3db/internal/tui/tui.go:142.14,144.3 1 1
github.com/jrsmile/goid3db/internal/tui/tui.go:145.2,146.15 2 1
github.com/jrsmile/goid3db/internal/tui/tui.go:146.15,148.3 1 1
github.com/jrsmile/goid3db/internal/tui/tui.go:149.2,149.25 1 1
github.com/jrsmile/goid3db/internal/tui/tui.go:149.25,151.3 1 1
github.com/jrsmile/goid3db/internal/tui/tui.go:152.2,153.24 2 1
github.com/jrsmile/goid3db/internal/tui/tui.go:153.24,155.10 2 1
github.com/jrsmile/goid3db/internal/tui/tui.go:155.10,157.4 1 1
github.com/jrsmile/goid3db/internal/tui/tui.go:158.3,158.70 1 1
github.com/jrsmile/goid3db/internal/tui/tui.go:162.45,163.24 1 1
github.com/jrsmile/goid3db/internal/tui/tui.go:163.24,166.3 2 1
github.com/jrsmile/goid3db/internal/tui/tui.go:170.57,171.27 1 1
github.com/jrsmile/goid3db/internal/tui/tui.go:172.25,175.27 3 1
github.com/jrsmile/goid3db/internal/tui/tui.go:177.18,178.23 1 1
github.com/jrsmile/goid3db/internal/tui/tui.go:179.24,181.22 2 1
github.com/jrsmile/goid3db/internal/tui/tui.go:182.23,183.20 1 1
github.com/jrsmile/goid3db/internal/tui/tui.go:183.20,185.5 1 1
github.com/jrsmile/goid3db/internal/tui/tui.go:186.4,187.28 2 1
github.com/jrsmile/goid3db/internal/tui/tui.go:188.25,189.32 1 1
github.com/jrsmile/goid3db/internal/tui/tui.go:189.32,191.5 1 1
github.com/jrsmile/goid3db/internal/tui/tui.go:192.4,193.28 2 1
github.com/jrsmile/goid3db/internal/tui/tui.go:194.25,196.20 2 0
github.com/jrsmile/goid3db/internal/tui/tui.go:196.20,198.5 1 0
github.com/jrsmile/goid3db/internal/tui/tui.go:199.4,200.28 2 0
github.com/jrsmile/goid3db/internal/tui/tui.go:201.27,203.32 2 0
github.com/jrsmile/goid3db/internal/tui/tui.go:203.32,205.5 1 0
github.com/jrsmile/goid3db/internal/tui/tui.go:206.4,207.28 2 0
github.com/jrsmile/goid3db/internal/tui/tui.go:208.16,209.30 1 1
github.com/jrsmile/goid3db/internal/tui/tui.go:210.17,211.23 1 1
github.com/jrsmile/goid3db/internal/tui/tui.go:211.23,213.5 1 1
github.com/jrsmile/goid3db/internal/tui/tui.go:214.4,214.17 1 1
github.com/jrsmile/goid3db/internal/tui/tui.go:215.17,218.17 3 1
github.com/jrsmile/goid3db/internal/tui/tui.go:219.17,222.17 3 1
github.com/jrsmile/goid3db/internal/tui/tui.go:222.17,225.5 2 1
github.com/jrsmile/goid3db/internal/tui/tui.go:226.4,228.17 3 1
github.com/jrsmile/goid3db/internal/tui/tui.go:229.14,230.26 1 1
github.com/jrsmile/goid3db/internal/tui/tui.go:230.26,233.5 2 1
github.com/jrsmile/goid3db/internal/tui/tui.go:234.4,234.17 1 1
github.com/jrsmile/goid3db/internal/tui/tui.go:238.3,240.41 3 1
github.com/jrsmile/goid3db/internal/tui/tui.go:242.23,244.35 1 1
github.com/jrsmile/goid3db/internal/tui/tui.go:244.35,246.31 2 1
github.com/jrsmile/goid3db/internal/tui/tui.go:246.31,248.5 1 1
github.com/jrsmile/goid3db/internal/tui/tui.go:249.4,250.28 2 1
github.com/jrsmile/goid3db/internal/tui/tui.go:252.3,252.16 1 1
github.com/jrsmile/goid3db/internal/tui/tui.go:254.20,256.61 1 1
github.com/jrsmile/goid3db/internal/tui/tui.go:256.61,259.4 2 1
github.com/jrsmile/goid3db/internal/tui/tui.go:260.3,260.16 1 1
github.com/jrsmile/goid3db/internal/tui/tui.go:262.24,264.16 2 1
github.com/jrsmile/goid3db/internal/tui/tui.go:266.15,269.49 1 1
github.com/jrsmile/goid3db/internal/tui/tui.go:272.2,274.15 3 1
github.com/jrsmile/goid3db/internal/tui/tui.go:277.40,278.45 1 1
github.com/jrsmile/goid3db/internal/tui/tui.go:278.45,280.3 1 1
github.com/jrsmile/goid3db/internal/tui/tui.go:281.2,285.24 4 1
github.com/jrsmile/goid3db/internal/tui/tui.go:285.24,287.3 1 1
github.com/jrsmile/goid3db/internal/tui/tui.go:288.2,289.16 2 1
github.com/jrsmile/goid3db/internal/tui/tui.go:289.16,292.3 2 1
github.com/jrsmile/goid3db/internal/tui/tui.go:293.2,296.16 4 1
github.com/jrsmile/goid3db/internal/tui/tui.go:296.16,298.3 1 1
github.com/jrsmile/goid3db/internal/tui/tui.go:299.2,300.25 2 1
github.com/jrsmile/goid3db/internal/tui/tui.go:303.30,304.21 1 1
github.com/jrsmile/goid3db/internal/tui/tui.go:304.21,307.3 2 1
github.com/jrsmile/goid3db/internal/tui/tui.go:310.49,313.2 2 1
github.com/jrsmile/goid3db/internal/tui/tui.go:316.30,328.67 8 1
github.com/jrsmile/goid3db/internal/tui/tui.go:328.67,332.3 3 1
github.com/jrsmile/goid3db/internal/tui/tui.go:332.8,334.3 1 1
github.com/jrsmile/goid3db/internal/tui/tui.go:335.2,337.24 2 1
github.com/jrsmile/goid3db/internal/tui/tui.go:337.24,339.43 2 1
github.com/jrsmile/goid3db/internal/tui/tui.go:339.43,341.4 1 1
github.com/jrsmile/goid3db/internal/tui/tui.go:342.3,342.68 1 1
github.com/jrsmile/goid3db/internal/tui/tui.go:344.2,344.20 1 1
github.com/jrsmile/goid3db/internal/tui/tui.go:344.20,345.18 1 1
github.com/jrsmile/goid3db/internal/tui/tui.go:345.18,347.4 1 1
github.com/jrsmile/goid3db/internal/tui/tui.go:347.9,349.4 1 1
github.com/jrsmile/goid3db/internal/tui/tui.go:352.2,353.24 2 1
github.com/jrsmile/goid3db/internal/tui/tui.go:353.24,355.3 1 1
github.com/jrsmile/goid3db/internal/tui/tui.go:356.2,360.19 4 1
github.com/jrsmile/goid3db/internal/tui/tui.go:364.36,367.22 3 1
github.com/jrsmile/goid3db/internal/tui/tui.go:367.22,370.3 2 1
github.com/jrsmile/goid3db/internal/tui/tui.go:371.2,371.63 1 1
github.com/jrsmile/goid3db/internal/tui/tui.go:371.63,375.20 3 1
github.com/jrsmile/goid3db/internal/tui/tui.go:375.20,377.4 1 1
github.com/jrsmile/goid3db/internal/tui/tui.go:377.9,379.4 1 1
github.com/jrsmile/goid3db/internal/tui/tui.go:380.3,380.47 1 1
github.com/jrsmile/goid3db/internal/tui/tui.go:380.47,382.4 1 1
github.com/jrsmile/goid3db/internal/tui/tui.go:384.2,384.19 1 1
github.com/jrsmile/goid3db/internal/tui/tui.go:388.31,390.25 2 1
github.com/jrsmile/goid3db/internal/tui/tui.go:390.25,392.3 1 0
github.com/jrsmile/goid3db/internal/tui/tui.go:392.8,392.38 1 1
github.com/jrsmile/goid3db/internal/tui/tui.go:392.38,394.3 1 0
github.com/jrsmile/goid3db/internal/tui/tui.go:395.2,395.18 1 1
github.com/jrsmile/goid3db/internal/tui/tui.go:395.18,397.3 1 0
github.com/jrsmile/goid3db/internal/tui/tui.go:400.34,403.11 2 1
github.com/jrsmile/goid3db/internal/tui/tui.go:403.11,405.3 1 1
github.com/jrsmile/goid3db/internal/tui/tui.go:406.2,406.17 1 1
github.com/jrsmile/goid3db/internal/tui/tui.go:406.17,408.3 1 1
github.com/jrsmile/goid3db/internal/tui/tui.go:409.2,409.10 1 1
github.com/jrsmile/goid3db/internal/tui/tui.go:412.41,413.19 1 1
github.com/jrsmile/goid3db/internal/tui/tui.go:413.19,414.21 1 1
github.com/jrsmile/goid3db/internal/tui/tui.go:414.21,416.4 1 1
github.com/jrsmile/goid3db/internal/tui/tui.go:417.3,417.17 1 1
github.com/jrsmile/goid3db/internal/tui/tui.go:419.2,419.15 1 1
github.com/jrsmile/goid3db/internal/tui/tui.go:422.34,424.19 2 1
github.com/jrsmile/goid3db/internal/tui/tui.go:424.19,426.3 1 1
github.com/jrsmile/goid3db/internal/tui/tui.go:427.2,427.19 1 1
github.com/jrsmile/goid3db/internal/tui/tui.go:427.19,429.3 1 1
github.com/jrsmile/goid3db/internal/tui/tui.go:430.2,430.16 1 1
github.com/jrsmile/goid3db/internal/tui/tui.go:430.16,432.3 1 1
github.com/jrsmile/goid3db/internal/tui/tui.go:433.2,433.36 1 1
github.com/jrsmile/goid3db/internal/tui/tui.go:436.39,437.17 1 1
github.com/jrsmile/goid3db/internal/tui/tui.go:437.17,439.3 1 1
github.com/jrsmile/goid3db/internal/tui/tui.go:440.2,440.12 1 1
github.com/jrsmile/goid3db/internal/tui/tui.go:440.12,442.3 1 1
github.com/jrsmile/goid3db/internal/tui/tui.go:443.2,443.24 1 1
